\BOOKMARK [0][-]{chapter.1}{Introduction}{}% 1
\BOOKMARK [0][-]{chapter.2}{Manifolds}{}% 2
\BOOKMARK [1][-]{section.2.1}{Fundamentals}{chapter.2}% 3
\BOOKMARK [1][-]{section.2.2}{Smooth Maps}{chapter.2}% 4
\BOOKMARK [1][-]{section.2.3}{Bundles}{chapter.2}% 5
\BOOKMARK [1][-]{section.2.4}{Handles}{chapter.2}% 6
\BOOKMARK [1][-]{section.2.5}{Triangulations}{chapter.2}% 7
\BOOKMARK [0][-]{chapter.3}{Cobordism}{}% 8
\BOOKMARK [1][-]{section.3.1}{Morse Theory}{chapter.3}% 9
\BOOKMARK [1][-]{section.3.2}{2\205Manifolds Bound 3\205Manifolds}{chapter.3}% 10
\BOOKMARK [1][-]{section.3.3}{3\205Manifolds Bound 4\205Manifolds}{chapter.3}% 11
\BOOKMARK [0][-]{chapter.4}{Algorithms}{}% 12
\BOOKMARK [1][-]{section.4.1}{Planar Graphs and Piecewise\205linear Maps}{chapter.4}% 13
\BOOKMARK [1][-]{section.4.2}{Build a projection}{chapter.4}% 14
\BOOKMARK [1][-]{section.4.3}{Obtain a planar graph}{chapter.4}% 15
\BOOKMARK [1][-]{section.4.4}{Find all mapping triangles}{chapter.4}% 16
\BOOKMARK [1][-]{section.4.5}{Find all mapping circles}{chapter.4}% 17
\BOOKMARK [1][-]{section.4.6}{Count wedge numbers}{chapter.4}% 18
\BOOKMARK [1][-]{section.4.7}{Truncate tetrahedra}{chapter.4}% 19
\BOOKMARK [1][-]{section.4.8}{Blow up edges}{chapter.4}% 20
\BOOKMARK [1][-]{section.4.9}{Final Modifications}{chapter.4}% 21
\BOOKMARK [1][-]{section.4.10}{Construct and connect regions}{chapter.4}% 22
\BOOKMARK [1][-]{section.4.11}{Extend over vertices}{chapter.4}% 23
\BOOKMARK [1][-]{section.4.12}{Compute Framing Constants}{chapter.4}% 24
\BOOKMARK [1][-]{section.4.13}{The triangulated prism}{chapter.4}% 25
\BOOKMARK [1][-]{section.4.14}{Build a handlebody}{chapter.4}% 26
\BOOKMARK [1][-]{section.4.15}{Attach 2-handles}{chapter.4}% 27
\BOOKMARK [0][-]{chapter.5}{Conclusion}{}% 28
