This is pdfTeX, Version 3.14159265-2.6-1.40.16 (TeX Live 2015/Debian) (preloaded format=pdflatex 2016.7.7)  4 OCT 2016 13:35
entering extended mode
 restricted \write18 enabled.
 %&-line parsing enabled.
**triangulations.tex
(./triangulations.tex
LaTeX2e <2016/02/01>
Babel <3.9q> and hyphenation patterns for 12 language(s) loaded.

! LaTeX Error: Missing \begin{document}.

See the LaTeX manual or LaTeX Companion for explanation.
Type  H <return>  for immediate help.
 ...                                              
                                                  
l.1 A
      simplicial manifold is a special description of a piecewise--linear st...

? 
! Emergency stop.
 ...                                              
                                                  
l.1 A
      simplicial manifold is a special description of a piecewise--linear st...

You're in trouble here.  Try typing  <return>  to proceed.
If that doesn't work, type  X <return>  to quit.

 
Here is how much of TeX's memory you used:
 6 strings out of 494828
 295 string characters out of 6177036
 46127 words of memory out of 5000000
 3413 multiletter control sequences out of 15000+600000
 3640 words of font info for 14 fonts, out of 8000000 for 9000
 59 hyphenation exceptions out of 8191
 5i,0n,4p,115b,14s stack positions out of 5000i,500n,10000p,200000b,80000s
!  ==> Fatal error occurred, no output PDF file produced!
